{"level":"info","message":"Hello from Acquisitions!","service":"acquisitions-api"}
{"level":"info","message":"::1 - - [19/Sep/2025:21:50:31 +0000] \"GET / HTTP/1.1\" 304 - \"-\" \"Mozilla/5.0 (X11; Linux x86_64) AppleWebKit/537.36 (KHTML, like Gecko) Chrome/138.0.0.0 Safari/537.36\"","service":"acquisitions-api"}
{"level":"info","message":"::1 - - [19/Sep/2025:21:50:31 +0000] \"GET /favicon.ico HTTP/1.1\" 404 150 \"-\" \"Mozilla/5.0 (X11; Linux x86_64) AppleWebKit/537.36 (KHTML, like Gecko) Chrome/138.0.0.0 Safari/537.36\"","service":"acquisitions-api"}
{"level":"info","message":"::1 - - [19/Sep/2025:21:50:33 +0000] \"GET /enc.js HTTP/1.1\" 404 145 \"http://localhost:3000/enc.js\" \"Mozilla/5.0 (X11; Linux x86_64) AppleWebKit/537.36 (KHTML, like Gecko) Chrome/138.0.0.0 Safari/537.36\"","service":"acquisitions-api"}
{"level":"info","message":"::1 - - [19/Sep/2025:21:51:02 +0000] \"GET /enc.js HTTP/1.1\" 404 145 \"http://localhost:3000/enc.js\" \"Mozilla/5.0 (X11; Linux x86_64) AppleWebKit/537.36 (KHTML, like Gecko) Chrome/138.0.0.0 Safari/537.36\"","service":"acquisitions-api"}
{"level":"info","message":"::1 - - [19/Sep/2025:22:01:37 +0000] \"POST / HTTP/1.1\" 404 140 \"-\" \"PostmanRuntime/7.46.0\"","service":"acquisitions-api"}
{"level":"info","message":"Hello from Acquisitions!","service":"acquisitions-api"}
{"level":"info","message":"::1 - - [19/Sep/2025:22:01:49 +0000] \"GET / HTTP/1.1\" 200 24 \"-\" \"PostmanRuntime/7.46.0\"","service":"acquisitions-api"}
{"level":"info","message":"::1 - - [19/Sep/2025:22:02:24 +0000] \"GET /API HTTP/1.1\" 200 42 \"-\" \"PostmanRuntime/7.46.0\"","service":"acquisitions-api"}
{"level":"info","message":"Hello from Acquisitions!","service":"acquisitions-api"}
{"level":"info","message":"::1 - - [19/Sep/2025:22:02:43 +0000] \"GET / HTTP/1.1\" 200 24 \"-\" \"PostmanRuntime/7.46.0\"","service":"acquisitions-api"}
{"level":"info","message":"::1 - - [19/Sep/2025:22:02:51 +0000] \"GET /api HTTP/1.1\" 200 42 \"-\" \"PostmanRuntime/7.46.0\"","service":"acquisitions-api"}
{"level":"info","message":"::1 - - [19/Sep/2025:22:02:57 +0000] \"GET /health HTTP/1.1\" 200 77 \"-\" \"PostmanRuntime/7.46.0\"","service":"acquisitions-api"}
{"level":"info","message":"::1 - - [19/Sep/2025:22:03:31 +0000] \"POST /api/auth/sign-in HTTP/1.1\" 200 31 \"-\" \"PostmanRuntime/7.46.0\"","service":"acquisitions-api"}
{"level":"info","message":"::1 - - [19/Sep/2025:22:26:13 +0000] \"POST /api/auth/sign-in HTTP/1.1\" 200 31 \"-\" \"PostmanRuntime/7.46.0\"","service":"acquisitions-api"}
{"level":"info","message":"::1 - - [19/Sep/2025:22:27:35 +0000] \"POST /api/auth/sign-in HTTP/1.1\" 200 31 \"-\" \"PostmanRuntime/7.46.0\"","service":"acquisitions-api"}
{"level":"info","message":"::1 - - [19/Sep/2025:22:27:43 +0000] \"POST /api/auth/sign-up HTTP/1.1\" 500 1315 \"-\" \"PostmanRuntime/7.46.0\"","service":"acquisitions-api"}
{"level":"info","message":"::1 - - [19/Sep/2025:22:28:05 +0000] \"POST /api/auth/sign-up HTTP/1.1\" 500 1315 \"-\" \"PostmanRuntime/7.46.0\"","service":"acquisitions-api"}
{"level":"info","message":"::1 - - [19/Sep/2025:22:28:25 +0000] \"POST /api/auth/sign-up HTTP/1.1\" 500 1315 \"-\" \"PostmanRuntime/7.46.0\"","service":"acquisitions-api"}
{"level":"info","message":"::1 - - [19/Sep/2025:22:28:45 +0000] \"POST /api/auth/sign-up HTTP/1.1\" 500 1315 \"-\" \"PostmanRuntime/7.46.0\"","service":"acquisitions-api"}
{"level":"error","message":"Signup error signupSchema is not defined","service":"acquisitions-api","stack":"ReferenceError: signupSchema is not defined\n    at signup (file:///home/hp/docker/docker-compose/acquisitions/src/controllers/auth.controller.js:4:34)\n    at Layer.handleRequest (/home/hp/docker/docker-compose/acquisitions/node_modules/router/lib/layer.js:152:17)\n    at next (/home/hp/docker/docker-compose/acquisitions/node_modules/router/lib/route.js:157:13)\n    at Route.dispatch (/home/hp/docker/docker-compose/acquisitions/node_modules/router/lib/route.js:117:3)\n    at handle (/home/hp/docker/docker-compose/acquisitions/node_modules/router/index.js:435:11)\n    at Layer.handleRequest (/home/hp/docker/docker-compose/acquisitions/node_modules/router/lib/layer.js:152:17)\n    at /home/hp/docker/docker-compose/acquisitions/node_modules/router/index.js:295:15\n    at processParams (/home/hp/docker/docker-compose/acquisitions/node_modules/router/index.js:582:12)\n    at next (/home/hp/docker/docker-compose/acquisitions/node_modules/router/index.js:291:5)\n    at Function.handle (/home/hp/docker/docker-compose/acquisitions/node_modules/router/index.js:186:3)"}
{"level":"info","message":"::1 - - [19/Sep/2025:22:29:05 +0000] \"POST /api/auth/sign-up HTTP/1.1\" 500 1321 \"-\" \"PostmanRuntime/7.46.0\"","service":"acquisitions-api"}
{"email":"as591841@gmail.com","level":"info","message":"User signed up","name":"alri","role":"user","service":"acquisitions-api"}
{"level":"info","message":"::1 - - [19/Sep/2025:22:31:09 +0000] \"POST /api/auth/sign-up HTTP/1.1\" 201 107 \"-\" \"PostmanRuntime/7.46.0\"","service":"acquisitions-api"}
{"level":"info","message":"::1 - - [19/Sep/2025:22:34:10 +0000] \"POST /api/auth/sign-up HTTP/1.1\" 400 92 \"-\" \"PostmanRuntime/7.46.0\"","service":"acquisitions-api"}
{"level":"error","message":"Create user error Cannot convert undefined or null to object","service":"acquisitions-api","stack":"TypeError: Cannot convert undefined or null to object\n    at Function.entries (<anonymous>)\n    at orderSelectedFields (file:///home/hp/docker/docker-compose/acquisitions/node_modules/drizzle-orm/utils.js:53:17)\n    at file:///home/hp/docker/docker-compose/acquisitions/node_modules/drizzle-orm/utils.js:63:22\n    at Array.reduce (<anonymous>)\n    at orderSelectedFields (file:///home/hp/docker/docker-compose/acquisitions/node_modules/drizzle-orm/utils.js:53:33)\n    at QueryPromise.returning (file:///home/hp/docker/docker-compose/acquisitions/node_modules/drizzle-orm/pg-core/query-builders/insert.js:75:29)\n    at createUser (file:///home/hp/docker/docker-compose/acquisitions/src/services/auth.service.js:33:18)\n    at async signup (file:///home/hp/docker/docker-compose/acquisitions/src/controllers/auth.controller.js:22:22)"}
{"level":"error","message":"Signup error Create user error","service":"acquisitions-api","stack":"Error: Create user error\n    at createUser (file:///home/hp/docker/docker-compose/acquisitions/src/services/auth.service.js:40:15)\n    at async signup (file:///home/hp/docker/docker-compose/acquisitions/src/controllers/auth.controller.js:22:22)"}
{"level":"info","message":"::1 - - [19/Sep/2025:22:49:36 +0000] \"POST /api/auth/sign-up HTTP/1.1\" 500 397 \"-\" \"PostmanRuntime/7.46.0\"","service":"acquisitions-api"}
{"level":"error","message":"Create user error","service":"acquisitions-api"}
{"level":"error","message":"Signup error Create user error","service":"acquisitions-api","stack":"Error: Create user error\n    at createUser (file:///home/hp/docker/docker-compose/acquisitions/src/services/auth.service.js:40:15)\n    at async signup (file:///home/hp/docker/docker-compose/acquisitions/src/controllers/auth.controller.js:22:22)"}
{"level":"info","message":"::1 - - [19/Sep/2025:22:50:11 +0000] \"POST /api/auth/sign-up HTTP/1.1\" 500 397 \"-\" \"PostmanRuntime/7.46.0\"","service":"acquisitions-api"}
{"level":"error","message":"Create user error","service":"acquisitions-api"}
{"level":"error","message":"Signup error Create user error","service":"acquisitions-api","stack":"Error: Create user error\n    at createUser (file:///home/hp/docker/docker-compose/acquisitions/src/services/auth.service.js:40:15)\n    at async signup (file:///home/hp/docker/docker-compose/acquisitions/src/controllers/auth.controller.js:22:22)"}
{"level":"info","message":"::1 - - [19/Sep/2025:22:50:53 +0000] \"POST /api/auth/sign-up HTTP/1.1\" 500 397 \"-\" \"PostmanRuntime/7.46.0\"","service":"acquisitions-api"}
{"level":"error","message":"Create user error","service":"acquisitions-api"}
{"level":"error","message":"Signup error Create user error","service":"acquisitions-api","stack":"Error: Create user error\n    at createUser (file:///home/hp/docker/docker-compose/acquisitions/src/services/auth.service.js:40:15)\n    at async signup (file:///home/hp/docker/docker-compose/acquisitions/src/controllers/auth.controller.js:22:22)"}
{"level":"info","message":"::1 - - [19/Sep/2025:22:50:59 +0000] \"POST /api/auth/sign-up HTTP/1.1\" 500 397 \"-\" \"PostmanRuntime/7.46.0\"","service":"acquisitions-api"}
{"level":"error","message":"Create user error","service":"acquisitions-api"}
{"level":"error","message":"Signup error Create user error","service":"acquisitions-api","stack":"Error: Create user error\n    at createUser (file:///home/hp/docker/docker-compose/acquisitions/src/services/auth.service.js:40:15)\n    at async signup (file:///home/hp/docker/docker-compose/acquisitions/src/controllers/auth.controller.js:22:22)"}
{"level":"info","message":"::1 - - [19/Sep/2025:22:51:07 +0000] \"POST /api/auth/sign-up HTTP/1.1\" 500 397 \"-\" \"PostmanRuntime/7.46.0\"","service":"acquisitions-api"}
{"level":"error","message":"Create user error","service":"acquisitions-api"}
{"level":"error","message":"Signup error Create user error","service":"acquisitions-api","stack":"Error: Create user error\n    at createUser (file:///home/hp/docker/docker-compose/acquisitions/src/services/auth.service.js:40:15)\n    at async signup (file:///home/hp/docker/docker-compose/acquisitions/src/controllers/auth.controller.js:22:22)"}
{"level":"info","message":"::1 - - [19/Sep/2025:22:51:12 +0000] \"POST /api/auth/sign-up HTTP/1.1\" 500 397 \"-\" \"PostmanRuntime/7.46.0\"","service":"acquisitions-api"}
{"level":"error","message":"Create user error","service":"acquisitions-api"}
{"level":"error","message":"Signup error Create user error","service":"acquisitions-api","stack":"Error: Create user error\n    at createUser (file:///home/hp/docker/docker-compose/acquisitions/src/services/auth.service.js:40:15)\n    at async signup (file:///home/hp/docker/docker-compose/acquisitions/src/controllers/auth.controller.js:22:22)"}
{"level":"info","message":"::1 - - [19/Sep/2025:22:51:18 +0000] \"POST /api/auth/sign-up HTTP/1.1\" 500 397 \"-\" \"PostmanRuntime/7.46.0\"","service":"acquisitions-api"}
{"level":"error","message":"Create user error","service":"acquisitions-api"}
{"level":"error","message":"Signup error Create user error","service":"acquisitions-api","stack":"Error: Create user error\n    at createUser (file:///home/hp/docker/docker-compose/acquisitions/src/services/auth.service.js:40:15)\n    at async signup (file:///home/hp/docker/docker-compose/acquisitions/src/controllers/auth.controller.js:22:22)"}
{"level":"info","message":"::1 - - [19/Sep/2025:22:52:03 +0000] \"POST /api/auth/sign-up HTTP/1.1\" 500 397 \"-\" \"PostmanRuntime/7.46.0\"","service":"acquisitions-api"}
{"level":"error","message":"Create user error","service":"acquisitions-api"}
{"level":"error","message":"Signup error Create user error","service":"acquisitions-api","stack":"Error: Create user error\n    at createUser (file:///home/hp/docker/docker-compose/acquisitions/src/services/auth.service.js:40:15)\n    at async signup (file:///home/hp/docker/docker-compose/acquisitions/src/controllers/auth.controller.js:22:22)"}
{"level":"info","message":"::1 - - [19/Sep/2025:22:54:13 +0000] \"POST /api/auth/sign-up HTTP/1.1\" 500 397 \"-\" \"PostmanRuntime/7.46.0\"","service":"acquisitions-api"}
{"level":"error","message":"Create user error","service":"acquisitions-api"}
{"level":"error","message":"Signup error Create user error","service":"acquisitions-api","stack":"Error: Create user error\n    at createUser (file:///home/hp/docker/docker-compose/acquisitions/src/services/auth.service.js:40:15)\n    at async signup (file:///home/hp/docker/docker-compose/acquisitions/src/controllers/auth.controller.js:22:22)"}
{"level":"info","message":"::1 - - [19/Sep/2025:22:56:11 +0000] \"POST /api/auth/sign-up HTTP/1.1\" 500 397 \"-\" \"PostmanRuntime/7.46.0\"","service":"acquisitions-api"}
{"level":"error","message":"Create user error","service":"acquisitions-api"}
{"level":"error","message":"Signup error Create user error","service":"acquisitions-api","stack":"Error: Create user error\n    at createUser (file:///home/hp/docker/docker-compose/acquisitions/src/services/auth.service.js:37:15)\n    at async signup (file:///home/hp/docker/docker-compose/acquisitions/src/controllers/auth.controller.js:22:22)"}
{"level":"info","message":"::1 - - [19/Sep/2025:22:58:07 +0000] \"POST /api/auth/sign-up HTTP/1.1\" 500 397 \"-\" \"PostmanRuntime/7.46.0\"","service":"acquisitions-api"}
{"level":"error","message":"Create user error","service":"acquisitions-api"}
{"level":"error","message":"Signup error Create user error","service":"acquisitions-api","stack":"Error: Create user error\n    at createUser (file:///home/hp/docker/docker-compose/acquisitions/src/services/auth.service.js:38:15)\n    at async signup (file:///home/hp/docker/docker-compose/acquisitions/src/controllers/auth.controller.js:22:22)"}
{"level":"info","message":"::1 - - [19/Sep/2025:22:58:30 +0000] \"POST /api/auth/sign-up HTTP/1.1\" 500 397 \"-\" \"PostmanRuntime/7.46.0\"","service":"acquisitions-api"}
{"level":"error","message":"Create user error","service":"acquisitions-api"}
{"level":"error","message":"Signup error Create user error","service":"acquisitions-api","stack":"Error: Create user error\n    at createUser (file:///home/hp/docker/docker-compose/acquisitions/src/services/auth.service.js:42:15)\n    at async signup (file:///home/hp/docker/docker-compose/acquisitions/src/controllers/auth.controller.js:22:22)"}
{"level":"info","message":"::1 - - [19/Sep/2025:22:59:06 +0000] \"POST /api/auth/sign-up HTTP/1.1\" 500 397 \"-\" \"PostmanRuntime/7.46.0\"","service":"acquisitions-api"}
{"level":"error","message":"Create user error","service":"acquisitions-api"}
{"level":"error","message":"Signup error Create user error","service":"acquisitions-api","stack":"Error: Create user error\n    at createUser (file:///home/hp/docker/docker-compose/acquisitions/src/services/auth.service.js:42:15)\n    at async signup (file:///home/hp/docker/docker-compose/acquisitions/src/controllers/auth.controller.js:22:22)"}
{"level":"info","message":"::1 - - [19/Sep/2025:23:00:45 +0000] \"POST /api/auth/sign-up HTTP/1.1\" 500 397 \"-\" \"PostmanRuntime/7.46.0\"","service":"acquisitions-api"}
{"level":"error","message":"Create user error","service":"acquisitions-api"}
{"level":"error","message":"Signup error Create user error","service":"acquisitions-api","stack":"Error: Create user error\n    at createUser (file:///home/hp/docker/docker-compose/acquisitions/src/services/auth.service.js:42:15)\n    at process.processTicksAndRejections (node:internal/process/task_queues:95:5)\n    at async signup (file:///home/hp/docker/docker-compose/acquisitions/src/controllers/auth.controller.js:22:22)"}
{"level":"info","message":"::1 - - [19/Sep/2025:23:02:15 +0000] \"POST /api/auth/sign-up HTTP/1.1\" 500 492 \"-\" \"PostmanRuntime/7.46.0\"","service":"acquisitions-api"}
{"level":"error","message":"Create user error","service":"acquisitions-api"}
{"level":"error","message":"Signup error Create user error","service":"acquisitions-api","stack":"Error: Create user error\n    at createUser (file:///home/hp/docker/docker-compose/acquisitions/src/services/auth.service.js:42:15)\n    at process.processTicksAndRejections (node:internal/process/task_queues:95:5)\n    at async signup (file:///home/hp/docker/docker-compose/acquisitions/src/controllers/auth.controller.js:22:22)"}
{"level":"info","message":"::1 - - [19/Sep/2025:23:02:40 +0000] \"POST /api/auth/sign-up HTTP/1.1\" 500 492 \"-\" \"PostmanRuntime/7.46.0\"","service":"acquisitions-api"}
{"level":"error","message":"Create user error","service":"acquisitions-api"}
{"level":"error","message":"Signup error Create user error","service":"acquisitions-api","stack":"Error: Create user error\n    at createUser (file:///home/hp/docker/docker-compose/acquisitions/src/services/auth.service.js:42:15)\n    at process.processTicksAndRejections (node:internal/process/task_queues:95:5)\n    at async signup (file:///home/hp/docker/docker-compose/acquisitions/src/controllers/auth.controller.js:22:22)"}
{"level":"info","message":"::1 - - [19/Sep/2025:23:03:09 +0000] \"POST /api/auth/sign-up HTTP/1.1\" 500 492 \"-\" \"PostmanRuntime/7.46.0\"","service":"acquisitions-api"}
{"level":"info","message":"User created","service":"acquisitions-api"}
{"email":"ass91841@gmail.com","level":"info","message":"User signed up","name":"alri","role":"user","service":"acquisitions-api"}
{"level":"info","message":"::1 - - [19/Sep/2025:23:03:18 +0000] \"POST /api/auth/sign-up HTTP/1.1\" 201 268 \"-\" \"PostmanRuntime/7.46.0\"","service":"acquisitions-api"}
{"email":"ass918w41@gmail.com","id":3,"level":"info","message":"User created","role":"user","service":"acquisitions-api"}
{"email":"ass918w41@gmail.com","level":"info","message":"User signed up","name":"alrwi","role":"user","service":"acquisitions-api"}
{"level":"info","message":"::1 - - [19/Sep/2025:23:04:09 +0000] \"POST /api/auth/sign-up HTTP/1.1\" 201 156 \"-\" \"PostmanRuntime/7.46.0\"","service":"acquisitions-api"}
